<?xml version="1.0" encoding="UTF-8"?>
<!-- Generated by org.testng.reporters.JUnitXMLReporter -->
<testsuite ignored="0" hostname="Shashanks-MacBook-Air.local" failures="0" tests="2" name="Default test" time="26.806" errors="0" timestamp="23 May 2021 08:32:14 GMT">
  <testcase classname="io.cucumber.testng.AbstractTestNGCucumberTests" name="runScenario" time="14.207"/>
  <testcase classname="io.cucumber.testng.AbstractTestNGCucumberTests" name="runScenario" time="14.867"/>
</testsuite> <!-- Default test -->
